<?xml version="1.0" encoding="UTF-8"?>
<testng-results skipped="0" failed="0" ignored="1" total="2" passed="1">
  <reporter-output>
  </reporter-output>
  <suite name="Default suite" duration-ms="7424" started-at="2021-09-02T07:42:27Z" finished-at="2021-09-02T07:42:34Z">
    <groups>
    </groups>
    <test name="Default test" duration-ms="7424" started-at="2021-09-02T07:42:27Z" finished-at="2021-09-02T07:42:34Z">
      <class name="Miscellaneous.AlertsEx">
        <test-method status="PASS" signature="test1()[pri:0, instance:Miscellaneous.AlertsEx@2aa3cd93]" name="test1" duration-ms="7381" started-at="2021-09-02T07:42:27Z" finished-at="2021-09-02T07:42:34Z">
          <reporter-output>
          </reporter-output>
        </test-method> <!-- test1 -->
      </class> <!-- Miscellaneous.AlertsEx -->
    </test> <!-- Default test -->
  </suite> <!-- Default suite -->
</testng-results>
